INFO: [VRFC 10-2263] Analyzing Verilog file "C:/work/vivado_2019/basys3_soc/basys3_soc.srcs/sources_1/new/clock_library.v" into library xil_defaultlib
INFO: [VRFC 10-311] analyzing module clock_div_100
INFO: [VRFC 10-311] analyzing module clock_div_1000
INFO: [VRFC 10-311] analyzing module clock_div_60
INFO: [VRFC 10-311] analyzing module counter_bcd_60
INFO: [VRFC 10-311] analyzing module loadable_counter_bcd_60
INFO: [VRFC 10-311] analyzing module counter_bcd_60_clear
INFO: [VRFC 10-311] analyzing module clock_div_10
INFO: [VRFC 10-311] analyzing module counter_bcd_100_clear
INFO: [VRFC 10-311] analyzing module loadable_down_counter_bcd_60
INFO: [VRFC 10-311] analyzing module sr04_div_58
INFO: [VRFC 10-2263] Analyzing Verilog file "C:/work/vivado_2019/basys3_soc/basys3_soc.srcs/sources_1/new/exam02_sequential_logic.v" into library xil_defaultlib
INFO: [VRFC 10-311] analyzing module D_flip_flop_n
INFO: [VRFC 10-311] analyzing module D_flip_flop_p
INFO: [VRFC 10-311] analyzing module T_flip_flop_n
INFO: [VRFC 10-311] analyzing module T_flip_flop_p
INFO: [VRFC 10-311] analyzing module up_counter_asyc
INFO: [VRFC 10-311] analyzing module down_counter_asyc
INFO: [VRFC 10-311] analyzing module up_counter_p
INFO: [VRFC 10-311] analyzing module up_counter_n
INFO: [VRFC 10-311] analyzing module down_counter_p
INFO: [VRFC 10-311] analyzing module down_counter_n
INFO: [VRFC 10-311] analyzing module bcd_upcounter_p
INFO: [VRFC 10-311] analyzing module bcd_downcounter_p
INFO: [VRFC 10-311] analyzing module up_downcounter_p
INFO: [VRFC 10-311] analyzing module bcd_up_downcounter_p
INFO: [VRFC 10-311] analyzing module ring_counter
INFO: [VRFC 10-311] analyzing module ring_counter_led
INFO: [VRFC 10-311] analyzing module ring_counter_fnd
INFO: [VRFC 10-311] analyzing module edge_detector_p
INFO: [VRFC 10-311] analyzing module edge_detector_n
INFO: [VRFC 10-311] analyzing module shift_register_SISO_n
INFO: [VRFC 10-311] analyzing module shift_register_SISO_Nbit_n
INFO: [VRFC 10-311] analyzing module shift_register_SISO_Nbit_msb_n
INFO: [VRFC 10-311] analyzing module shift_register_SIPO_n
INFO: [VRFC 10-311] analyzing module shift_register_SIPO_Nbit_n
INFO: [VRFC 10-311] analyzing module shift_register_PISO_n
INFO: [VRFC 10-311] analyzing module shift_register_PISO_Nbit_n
INFO: [VRFC 10-311] analyzing module register_8bit_n
INFO: [VRFC 10-311] analyzing module register_Nbit_n
INFO: [VRFC 10-311] analyzing module sram_8bit_1024
INFO: [VRFC 10-2263] Analyzing Verilog file "C:/work/vivado_2019/basys3_soc/basys3_soc.srcs/sources_1/new/controler.v" into library xil_defaultlib
INFO: [VRFC 10-311] analyzing module fnd_cntr
INFO: [VRFC 10-311] analyzing module button_cntr
INFO: [VRFC 10-311] analyzing module key_pad_cntr
INFO: [VRFC 10-311] analyzing module key_pad_FSM
INFO: [VRFC 10-311] analyzing module dht11_cntrl
INFO: [VRFC 10-311] analyzing module HC_SR04_cntr
WARNING: [VRFC 10-3380] identifier 'state' is used before its declaration [C:/work/vivado_2019/basys3_soc/basys3_soc.srcs/sources_1/new/controler.v:691]
INFO: [VRFC 10-311] analyzing module HC_SR04_cntr_test
WARNING: [VRFC 10-3380] identifier 'state' is used before its declaration [C:/work/vivado_2019/basys3_soc/basys3_soc.srcs/sources_1/new/controler.v:835]
INFO: [VRFC 10-311] analyzing module pwm_100step
INFO: [VRFC 10-311] analyzing module pwm_Nstep_freq
INFO: [VRFC 10-311] analyzing module I2C_master
INFO: [VRFC 10-311] analyzing module i2c_lcd_send_byte
