Copyright 1986-2019 Xilinx, Inc. All Rights Reserved.
-------------------------------------------------------------------------------------------------------------------------------------------
| Tool Version : Vivado v.2019.2 (win64) Build 2708876 Wed Nov  6 21:40:23 MST 2019
<<<<<<< Updated upstream
| Date         : Sat Aug 24 15:41:57 2024
=======
| Date         : Mon Aug 26 14:28:05 2024
>>>>>>> Stashed changes
| Host         : DESKTOP-5VNL0D5 running 64-bit major release  (build 9200)
| Command      : report_utilization -file top_module_of_smart_farm_utilization_synth.rpt -pb top_module_of_smart_farm_utilization_synth.pb
| Design       : top_module_of_smart_farm
| Device       : 7a35tcpg236-1
| Design State : Synthesized
-------------------------------------------------------------------------------------------------------------------------------------------

Utilization Design Information

Table of Contents
-----------------
1. Slice Logic
1.1 Summary of Registers by Type
2. Memory
3. DSP
4. IO and GT Specific
5. Clocking
6. Specific Feature
7. Primitives
8. Black Boxes
9. Instantiated Netlists

1. Slice Logic
--------------

+-------------------------+------+-------+-----------+-------+
|        Site Type        | Used | Fixed | Available | Util% |
+-------------------------+------+-------+-----------+-------+
<<<<<<< Updated upstream
| Slice LUTs*             |  271 |     0 |     20800 |  1.30 |
|   LUT as Logic          |  271 |     0 |     20800 |  1.30 |
|   LUT as Memory         |    0 |     0 |      9600 |  0.00 |
| Slice Registers         |  169 |     0 |     41600 |  0.41 |
|   Register as Flip Flop |  169 |     0 |     41600 |  0.41 |
|   Register as Latch     |    0 |     0 |     41600 |  0.00 |
| F7 Muxes                |    0 |     0 |     16300 |  0.00 |
=======
| Slice LUTs*             |  924 |     0 |     20800 |  4.44 |
|   LUT as Logic          |  924 |     0 |     20800 |  4.44 |
|   LUT as Memory         |    0 |     0 |      9600 |  0.00 |
| Slice Registers         |  583 |     0 |     41600 |  1.40 |
|   Register as Flip Flop |  583 |     0 |     41600 |  1.40 |
|   Register as Latch     |    0 |     0 |     41600 |  0.00 |
| F7 Muxes                |    1 |     0 |     16300 | <0.01 |
>>>>>>> Stashed changes
| F8 Muxes                |    0 |     0 |      8150 |  0.00 |
+-------------------------+------+-------+-----------+-------+
* Warning! The Final LUT count, after physical optimizations and full implementation, is typically lower. Run opt_design after synthesis, if not already completed, for a more realistic count.


1.1 Summary of Registers by Type
--------------------------------

+-------+--------------+-------------+--------------+
| Total | Clock Enable | Synchronous | Asynchronous |
+-------+--------------+-------------+--------------+
| 0     |            _ |           - |            - |
| 0     |            _ |           - |          Set |
| 0     |            _ |           - |        Reset |
| 0     |            _ |         Set |            - |
| 0     |            _ |       Reset |            - |
| 0     |          Yes |           - |            - |
<<<<<<< Updated upstream
| 8     |          Yes |           - |          Set |
| 159   |          Yes |           - |        Reset |
| 0     |          Yes |         Set |            - |
| 2     |          Yes |       Reset |            - |
=======
| 20    |          Yes |           - |          Set |
| 510   |          Yes |           - |        Reset |
| 0     |          Yes |         Set |            - |
| 53    |          Yes |       Reset |            - |
>>>>>>> Stashed changes
+-------+--------------+-------------+--------------+


2. Memory
---------

+----------------+------+-------+-----------+-------+
|    Site Type   | Used | Fixed | Available | Util% |
+----------------+------+-------+-----------+-------+
| Block RAM Tile |    0 |     0 |        50 |  0.00 |
|   RAMB36/FIFO* |    0 |     0 |        50 |  0.00 |
|   RAMB18       |    0 |     0 |       100 |  0.00 |
+----------------+------+-------+-----------+-------+
* Note: Each Block RAM Tile only has one FIFO logic available and therefore can accommodate only one FIFO36E1 or one FIFO18E1. However, if a FIFO18E1 occupies a Block RAM Tile, that tile can still accommodate a RAMB18E1


3. DSP
------

+-----------+------+-------+-----------+-------+
| Site Type | Used | Fixed | Available | Util% |
+-----------+------+-------+-----------+-------+
| DSPs      |    0 |     0 |        90 |  0.00 |
+-----------+------+-------+-----------+-------+


4. IO and GT Specific
---------------------

+-----------------------------+------+-------+-----------+-------+
|          Site Type          | Used | Fixed | Available | Util% |
+-----------------------------+------+-------+-----------+-------+
<<<<<<< Updated upstream
| Bonded IOB                  |   12 |     0 |       106 | 11.32 |
=======
| Bonded IOB                  |   36 |     0 |       106 | 33.96 |
>>>>>>> Stashed changes
| Bonded IPADs                |    0 |     0 |        10 |  0.00 |
| Bonded OPADs                |    0 |     0 |         4 |  0.00 |
| PHY_CONTROL                 |    0 |     0 |         5 |  0.00 |
| PHASER_REF                  |    0 |     0 |         5 |  0.00 |
| OUT_FIFO                    |    0 |     0 |        20 |  0.00 |
| IN_FIFO                     |    0 |     0 |        20 |  0.00 |
| IDELAYCTRL                  |    0 |     0 |         5 |  0.00 |
| IBUFDS                      |    0 |     0 |       104 |  0.00 |
| GTPE2_CHANNEL               |    0 |     0 |         2 |  0.00 |
| PHASER_OUT/PHASER_OUT_PHY   |    0 |     0 |        20 |  0.00 |
| PHASER_IN/PHASER_IN_PHY     |    0 |     0 |        20 |  0.00 |
| IDELAYE2/IDELAYE2_FINEDELAY |    0 |     0 |       250 |  0.00 |
| IBUFDS_GTE2                 |    0 |     0 |         2 |  0.00 |
| ILOGIC                      |    0 |     0 |       106 |  0.00 |
| OLOGIC                      |    0 |     0 |       106 |  0.00 |
+-----------------------------+------+-------+-----------+-------+


5. Clocking
-----------

+------------+------+-------+-----------+-------+
|  Site Type | Used | Fixed | Available | Util% |
+------------+------+-------+-----------+-------+
| BUFGCTRL   |    1 |     0 |        32 |  3.13 |
| BUFIO      |    0 |     0 |        20 |  0.00 |
| MMCME2_ADV |    0 |     0 |         5 |  0.00 |
| PLLE2_ADV  |    0 |     0 |         5 |  0.00 |
| BUFMRCE    |    0 |     0 |        10 |  0.00 |
| BUFHCE     |    0 |     0 |        72 |  0.00 |
| BUFR       |    0 |     0 |        20 |  0.00 |
+------------+------+-------+-----------+-------+


6. Specific Feature
-------------------

+-------------+------+-------+-----------+--------+
|  Site Type  | Used | Fixed | Available |  Util% |
+-------------+------+-------+-----------+--------+
| BSCANE2     |    0 |     0 |         4 |   0.00 |
| CAPTUREE2   |    0 |     0 |         1 |   0.00 |
| DNA_PORT    |    0 |     0 |         1 |   0.00 |
| EFUSE_USR   |    0 |     0 |         1 |   0.00 |
| FRAME_ECCE2 |    0 |     0 |         1 |   0.00 |
| ICAPE2      |    0 |     0 |         2 |   0.00 |
| PCIE_2_1    |    0 |     0 |         1 |   0.00 |
| STARTUPE2   |    0 |     0 |         1 |   0.00 |
<<<<<<< Updated upstream
| XADC        |    2 |     0 |         1 | 200.00 |
=======
| XADC        |    1 |     0 |         1 | 100.00 |
>>>>>>> Stashed changes
+-------------+------+-------+-----------+--------+


7. Primitives
-------------

+----------+------+---------------------+
| Ref Name | Used | Functional Category |
+----------+------+---------------------+
<<<<<<< Updated upstream
| LUT2     |  167 |                 LUT |
| FDCE     |  159 |        Flop & Latch |
| LUT4     |   67 |                 LUT |
| LUT6     |   54 |                 LUT |
| CARRY4   |   46 |          CarryLogic |
| LUT5     |   18 |                 LUT |
| LUT3     |   14 |                 LUT |
| IBUF     |   10 |                  IO |
| FDPE     |    8 |        Flop & Latch |
| LUT1     |    4 |                 LUT |
| XADC     |    2 |              Others |
| OBUF     |    2 |                  IO |
| FDRE     |    2 |        Flop & Latch |
| OBUFT    |    1 |                  IO |
=======
| LUT2     |  809 |                 LUT |
| FDCE     |  510 |        Flop & Latch |
| CARRY4   |  186 |          CarryLogic |
| LUT6     |  120 |                 LUT |
| LUT4     |   98 |                 LUT |
| LUT3     |   55 |                 LUT |
| FDRE     |   53 |        Flop & Latch |
| LUT5     |   37 |                 LUT |
| OBUF     |   20 |                  IO |
| FDPE     |   20 |        Flop & Latch |
| LUT1     |   18 |                 LUT |
| IBUF     |   16 |                  IO |
| XADC     |    1 |              Others |
| OBUFT    |    1 |                  IO |
| MUXF7    |    1 |               MuxFx |
>>>>>>> Stashed changes
| BUFG     |    1 |               Clock |
+----------+------+---------------------+


8. Black Boxes
--------------

+----------+------+
| Ref Name | Used |
+----------+------+


9. Instantiated Netlists
------------------------

+----------+------+
| Ref Name | Used |
+----------+------+


