#-----------------------------------------------------------
# Vivado v2019.2 (64-bit)
# SW Build 2708876 on Wed Nov  6 21:40:23 MST 2019
# IP Build 2700528 on Thu Nov  7 00:09:20 MST 2019
# Start of session at: Fri Aug 23 17:30:21 2024
# Process ID: 4080
# Current directory: C:/Users/user/Documents/GitHub/smartfarm/basys3_soc
# Command line: vivado.exe -gui_launcher_event rodinguilauncherevent6160 C:\Users\user\Documents\GitHub\smartfarm\basys3_soc\basys3_soc.xpr
# Log file: C:/Users/user/Documents/GitHub/smartfarm/basys3_soc/vivado.log
# Journal file: C:/Users/user/Documents/GitHub/smartfarm/basys3_soc\vivado.jou
#-----------------------------------------------------------
start_gui
open_project C:/Users/user/Documents/GitHub/smartfarm/basys3_soc/basys3_soc.xpr
Scanning sources...
Finished scanning sources
WARNING: [filemgmt 56-3] Board Part Repository Path: Could not find the directory 'C:/Users/user/Documents/Users/kcci/AppData/Roaming/Xilinx/Vivado/2019.2/xhub/board_store'.
INFO: [IP_Flow 19-234] Refreshing IP repositories
INFO: [IP_Flow 19-1704] No user IP repositories specified
INFO: [IP_Flow 19-2313] Loaded Vivado IP repository 'C:/Xilinx/Vivado/2019.2/data/ip'.
update_compile_order -fileset sources_1
set_property top HC_SR04_top [current_fileset]
update_compile_order -fileset sources_1
reset_run synth_1
launch_runs impl_1 -to_step write_bitstream -jobs 16
[Fri Aug 23 17:31:58 2024] Launched synth_1...
Run output will be captured here: C:/Users/user/Documents/GitHub/smartfarm/basys3_soc/basys3_soc.runs/synth_1/runme.log
[Fri Aug 23 17:31:58 2024] Launched impl_1...
Run output will be captured here: C:/Users/user/Documents/GitHub/smartfarm/basys3_soc/basys3_soc.runs/impl_1/runme.log
reset_run synth_1
launch_runs impl_1 -to_step write_bitstream -jobs 16
[Fri Aug 23 17:34:27 2024] Launched synth_1...
Run output will be captured here: C:/Users/user/Documents/GitHub/smartfarm/basys3_soc/basys3_soc.runs/synth_1/runme.log
[Fri Aug 23 17:34:27 2024] Launched impl_1...
Run output will be captured here: C:/Users/user/Documents/GitHub/smartfarm/basys3_soc/basys3_soc.runs/impl_1/runme.log
open_hw_manager
connect_hw_server -allow_non_jtag
INFO: [Labtools 27-2285] Connecting to hw_server url TCP:localhost:3121
INFO: [Labtools 27-2222] Launching hw_server...
INFO: [Labtools 27-2221] Launch Output:

****** Xilinx hw_server v2019.2
  **** Build date : Nov  6 2019 at 22:12:23
    ** Copyright 1986-2019 Xilinx, Inc. All Rights Reserved.


INFO: [Labtools 27-3415] Connecting to cs_server url TCP:localhost:3042
INFO: [Labtools 27-3417] Launching cs_server...
INFO: [Labtools 27-2221] Launch Output:


****** Xilinx cs_server v2019.2.0
  **** Build date : Nov 07 2019-14:28:22
    ** Copyright 2017-2019 Xilinx, Inc. All Rights Reserved.



connect_hw_server: Time (s): cpu = 00:00:00 ; elapsed = 00:00:06 . Memory (MB): peak = 1125.730 ; gain = 0.000
open_hw_target
INFO: [Labtoolstcl 44-466] Opening hw_target localhost:3121/xilinx_tcf/Digilent/210183BB7560A
set_property PROGRAM.FILE {C:/Users/user/Documents/GitHub/smartfarm/basys3_soc/basys3_soc.runs/impl_1/HC_SR04_top.bit} [get_hw_devices xc7a35t_0]
current_hw_device [get_hw_devices xc7a35t_0]
refresh_hw_device -update_hw_probes false [lindex [get_hw_devices xc7a35t_0] 0]
INFO: [Labtools 27-1434] Device xc7a35t (JTAG device index = 0) is programmed with a design that has no supported debug core(s) in it.
set_property PROBES.FILE {} [get_hw_devices xc7a35t_0]
set_property FULL_PROBES.FILE {} [get_hw_devices xc7a35t_0]
set_property PROGRAM.FILE {C:/Users/user/Documents/GitHub/smartfarm/basys3_soc/basys3_soc.runs/impl_1/HC_SR04_top.bit} [get_hw_devices xc7a35t_0]
program_hw_devices [get_hw_devices xc7a35t_0]
INFO: [Labtools 27-3164] End of startup status: HIGH
refresh_hw_device [lindex [get_hw_devices xc7a35t_0] 0]
INFO: [Labtools 27-1434] Device xc7a35t (JTAG device index = 0) is programmed with a design that has no supported debug core(s) in it.
ERROR: [Labtoolstcl 44-513] HW Target shutdown. Closing target: localhost:3121/xilinx_tcf/Digilent/210183BB7560A
INFO: [Labtoolstcl 44-466] Opening hw_target localhost:3121/xilinx_tcf/Digilent/210183BB7560A
INFO: [Labtools 27-1434] Device xc7a35t (JTAG device index = 0) is programmed with a design that has no supported debug core(s) in it.
WARNING: [Labtoolstcl 44-129] No matching hw_ila_data was found.
exit
INFO: [Common 17-206] Exiting Vivado at Fri Aug 23 17:53:29 2024...
