#-----------------------------------------------------------
# Vivado v2019.2 (64-bit)
# SW Build 2708876 on Wed Nov  6 21:40:23 MST 2019
# IP Build 2700528 on Thu Nov  7 00:09:20 MST 2019
# Start of session at: Mon Aug 26 18:22:21 2024
# Process ID: 12136
# Current directory: E:/Work/vivado_2019/basys3_soc
# Command line: vivado.exe -gui_launcher_event rodinguilauncherevent10328 E:\Work\vivado_2019\basys3_soc\basys3_soc.xpr
# Log file: E:/Work/vivado_2019/basys3_soc/vivado.log
# Journal file: E:/Work/vivado_2019/basys3_soc\vivado.jou
#-----------------------------------------------------------
start_gui
open_project E:/Work/vivado_2019/basys3_soc/basys3_soc.xpr
Scanning sources...
Finished scanning sources
WARNING: [filemgmt 56-3] Board Part Repository Path: Could not find the directory 'E:/Users/kcci/AppData/Roaming/Xilinx/Vivado/2019.2/xhub/board_store'.
INFO: [IP_Flow 19-234] Refreshing IP repositories
INFO: [IP_Flow 19-1704] No user IP repositories specified
INFO: [IP_Flow 19-2313] Loaded Vivado IP repository 'C:/Xilinx/Vivado/2019.2/data/ip'.
update_compile_order -fileset sources_1
exit
INFO: [Common 17-206] Exiting Vivado at Mon Aug 26 18:22:48 2024...
