Copyright 1986-2019 Xilinx, Inc. All Rights Reserved.
---------------------------------------------------------------------------------------------------------------------------------------------------------------
| Tool Version : Vivado v.2019.2 (win64) Build 2708876 Wed Nov  6 21:40:23 MST 2019
<<<<<<< Updated upstream
| Date         : Sat Aug 24 15:42:21 2024
=======
| Date         : Mon Aug 26 14:28:35 2024
>>>>>>> Stashed changes
| Host         : DESKTOP-5VNL0D5 running 64-bit major release  (build 9200)
| Command      : report_drc -file top_module_of_smart_farm_drc_opted.rpt -pb top_module_of_smart_farm_drc_opted.pb -rpx top_module_of_smart_farm_drc_opted.rpx
| Design       : top_module_of_smart_farm
| Device       : xc7a35tcpg236-1
| Speed File   : -1
| Design State : Synthesized
---------------------------------------------------------------------------------------------------------------------------------------------------------------

Report DRC

Table of Contents
-----------------
1. REPORT SUMMARY
2. REPORT DETAILS

1. REPORT SUMMARY
-----------------
            Netlist: netlist
          Floorplan: design_1
      Design limits: <entire design considered>
           Ruledeck: default
             Max violations: <unlimited>
<<<<<<< Updated upstream
             Violations found: 1
+--------+----------+----------------------+------------+
| Rule   | Severity | Description          | Violations |
+--------+----------+----------------------+------------+
| UTLZ-1 | Error    | Resource utilization | 1          |
+--------+----------+----------------------+------------+

2. REPORT DETAILS
-----------------
UTLZ-1#1 Error
Resource utilization  - PBlock:ROOT
XADC over-utilized in Top Level Design (This design requires more XADC cells than are available in the target device. This design requires 2 of such cell types but only 1 compatible site is available in the target device. Please analyze your synthesis results and constraints to ensure the design is mapped to Xilinx primitives as expected. If so, please consider targeting a larger device.)ROOT
Related violations: <none>

=======
             Violations found: 0
+------+----------+-------------+------------+
| Rule | Severity | Description | Violations |
+------+----------+-------------+------------+
+------+----------+-------------+------------+

2. REPORT DETAILS
-----------------
>>>>>>> Stashed changes

